


ARM Macro Assembler    Page 1 


    1 00000000                 AREA             RESET,CODE,READONLY
    2 00000000                 ENTRY
    3 00000000 F04F 0001       MOV              R0, #0x1
    4 00000004 F04F 0102       MOV              R1, #0x2
    5 00000008 4609            MOV              R1, R1
    6 0000000A         LOOP
    7 0000000A 4408            ADD              R0, R0, R1
    8 0000000C F101 0101       ADD              R1, R1, #0x1
    9 00000010 2965            CMP              R1, #101
   10 00000012 D1FA            BNE              LOOP
   11 00000014                 END
Command Line: --debug --xref --diag_suppress=9931 --cpu=Cortex-M4.fp --apcs=int
erwork --depend=.\objects\example.d -o.\objects\example.o -I.\RTE\_ASM -IC:\Kei
l_v5\ARM\PACK\Keil\STM32F4xx_DFP\2.14.0\Drivers\CMSIS\Device\ST\STM32F4xx\Inclu
de -IC:\Keil_v5\ARM\CMSIS\Include -IC:\Keil_v5\ARM\PACK\Keil\STM32F4xx_DFP\2.14
.0\Device\Include --predefine="__EVAL SETA 1" --predefine="__UVISION_VERSION SE
TA 526" --predefine="STM32F407xx SETA 1" --list=.\listings\example.lst example.
s



ARM Macro Assembler    Page 1 Alphabetic symbol ordering
Relocatable symbols

LOOP 0000000A

Symbol: LOOP
   Definitions
      At line 6 in file example.s
   Uses
      At line 10 in file example.s
Comment: LOOP used once
RESET 00000000

Symbol: RESET
   Definitions
      At line 1 in file example.s
   Uses
      None
Comment: RESET unused
2 symbols
336 symbols in table
